<?xml version="1.0" encoding="UTF-8"?>
<testsuite xmlns:xsi="http://www.w3.org/2001/XMLSchema-instance" xsi:noNamespaceSchemaLocation="https://maven.apache.org/surefire/maven-surefire-plugin/xsd/surefire-test-report.xsd" name="es.ull.flights.FlightTest" time="0.061" tests="5" errors="0" skipped="0" failures="0">
  <properties>
[...]
</properties>
  <testcase name="testGetNumberOfPassengers" classname="es.ull.flights.FlightTest" time="0.031"/>
  <testcase name="testGetFlightNumber" classname="es.ull.flights.FlightTest" time="0.003"/>
  <testcase name="testAddPassenger" classname="es.ull.flights.FlightTest" time="0.005"/>
  <testcase name="testRemovePassenger" classname="es.ull.flights.FlightTest" time="0.002"/>
  <testcase name="testConstructor" classname="es.ull.flights.FlightTest" time="0.003"/>
</testsuite>